<?xml version="1.0" encoding="UTF-8"?>
<!-- Generated by org.testng.reporters.JUnitReportReporter -->
<testsuite skipped="0" hostname="chetanpc" name="com.RestAssuredAPI.GETbookingIDstest" tests="2" failures="0" timestamp="2022-12-13T09:24:34 EST" time="7.714" errors="0">
  <testcase name="healthcheckuptest" time="6.396" classname="com.RestAssuredAPI.GETbookingIDstest"/>
  <system-out/>
  <testcase name="querparameter" time="1.318" classname="com.RestAssuredAPI.GETbookingIDstest"/>
  <system-out/>
</testsuite> <!-- com.RestAssuredAPI.GETbookingIDstest -->
