<?xml version="1.0" encoding="UTF-8"?>
<!-- Generated by org.testng.reporters.JUnitReportReporter -->
<testsuite skipped="0" hostname="chetanpc" name="com.RestAssuredAPI.deleteUpdateBookingTests2" tests="1" failures="0" timestamp="2022-12-13T06:13:55 EST" time="8.345" errors="0">
  <testcase name="deleteBookingTest" time="8.345" classname="com.RestAssuredAPI.deleteUpdateBookingTests2"/>
  <system-out/>
</testsuite> <!-- com.RestAssuredAPI.deleteUpdateBookingTests2 -->
