<?xml version="1.0" encoding="UTF-8"?>
<!-- Generated by org.testng.reporters.JUnitReportReporter -->
<testsuite skipped="0" hostname="chetanpc" name="createbookingPOST" tests="1" failures="0" timestamp="2022-12-09T04:20:02 EST" time="8.199" errors="0">
  <testcase name="createbooking" time="8.199" classname="createbookingPOST"/>
  <system-out/>
</testsuite> <!-- createbookingPOST -->
