<?xml version="1.0" encoding="UTF-8"?>
<!-- Generated by org.testng.reporters.JUnitReportReporter -->
<testsuite skipped="0" hostname="chetanpc" name="GETbookingIDstest" tests="1" failures="0" timestamp="2022-12-12T04:14:52 EST" time="5.731" errors="0">
  <testcase name="healthcheckuptest" time="5.731" classname="GETbookingIDstest"/>
  <system-out/>
</testsuite> <!-- GETbookingIDstest -->
