<?xml version="1.0" encoding="UTF-8"?>
<!-- Generated by org.testng.reporters.JUnitReportReporter -->
<testsuite skipped="0" hostname="chetanpc" name="flipkart.testcases.TopOffers_text" tests="1" failures="0" timestamp="2022-12-02T02:09:03 EST" time="57.520" errors="0">
  <testcase name="Verify_TopOffers_title" time="57.520" classname="flipkart.testcases.TopOffers_text"/>
  <system-out/>
</testsuite> <!-- flipkart.testcases.TopOffers_text -->
