<?xml version="1.0" encoding="UTF-8"?>
<!-- Generated by org.testng.reporters.JUnitReportReporter -->
<testsuite skipped="0" hostname="chetanpc" name="com.RestAssuredAPI.HeadersandCookies" tests="1" failures="0" timestamp="2022-12-14T03:03:27 EST" time="5.304" errors="0">
  <testcase name="HeaderandCookies" time="5.304" classname="com.RestAssuredAPI.HeadersandCookies"/>
  <system-out/>
</testsuite> <!-- com.RestAssuredAPI.HeadersandCookies -->
