<?xml version="1.0" encoding="UTF-8"?>
<!-- Generated by org.testng.reporters.JUnitReportReporter -->
<testsuite skipped="0" hostname="chetanpc" name="com.RestAssuredAPI.createbookingPOST" tests="1" failures="0" timestamp="2022-12-13T09:15:08 EST" time="16.242" errors="0">
  <testcase name="createbookingtest" time="16.242" classname="com.RestAssuredAPI.createbookingPOST"/>
  <system-out/>
</testsuite> <!-- com.RestAssuredAPI.createbookingPOST -->
